<?xml version="1.0" encoding="UTF-8"?>
<testsuites name="Mocha Tests" time="11.241" tests="4" failures="0">
  <testsuite name="Root Suite" timestamp="2022-12-05T12:00:37" tests="0" file="cypress\e2e\1-getting-started\cypressProgram.cy.js" failures="0" time="0">
  </testsuite>
  <testsuite name="swagLabs website" timestamp="2022-12-05T12:00:37" tests="4" failures="0" time="11.241">
    <testcase name="swagLabs website add to cart first item" time="4.696" classname="add to cart first item" failure="false" error="false" success="true">
    </testcase>
    <testcase name="swagLabs website left side bar section is visible" time="2.118" classname="left side bar section is visible" failure="false" error="false" success="true">
    </testcase>
    <testcase name="swagLabs website make an order" time="2.99" classname="make an order" failure="false" error="false" success="true">
    </testcase>
    <testcase name="swagLabs website sorting the items" time="1.437" classname="sorting the items" failure="false" error="false" success="true">
    </testcase>
  </testsuite>
</testsuites>